[2021-02-04 13:10:53,455] INFO [GroupCoordinator 0]: Dynamic Member with unknown member id joins group consumerGroup10 in Empty state. Created a new member id consumer-1-7e6882a9-f5a3-409a-9fd6-81f348680d18 for this member and add to the group. (kafka.coordinator.group.GroupCoordinator)
[2021-02-04 13:10:53,457] INFO [GroupCoordinator 0]: Preparing to rebalance group consumerGroup10 in state PreparingRebalance with old generation 0 (__consumer_offsets-16) (reason: Adding new member consumer-1-7e6882a9-f5a3-409a-9fd6-81f348680d18 with group instance id None) (kafka.coordinator.group.GroupCoordinator)
[2021-02-04 13:10:53,461] INFO [GroupCoordinator 0]: Stabilized group consumerGroup10 generation 1 (__consumer_offsets-16) (kafka.coordinator.group.GroupCoordinator)
[2021-02-04 13:10:53,465] INFO [GroupCoordinator 0]: Assignment received from leader for group consumerGroup10 for generation 1 (kafka.coordinator.group.GroupCoordinator)
[2021-02-04 13:12:36,068] INFO [GroupCoordinator 0]: Member[group.instance.id None, member.id consumer-1-7e6882a9-f5a3-409a-9fd6-81f348680d18] in group consumerGroup10 has left, removing it from the group (kafka.coordinator.group.GroupCoordinator)
[2021-02-04 13:12:36,068] INFO [GroupCoordinator 0]: Preparing to rebalance group consumerGroup10 in state PreparingRebalance with old generation 1 (__consumer_offsets-16) (reason: removing member consumer-1-7e6882a9-f5a3-409a-9fd6-81f348680d18 on LeaveGroup) (kafka.coordinator.group.GroupCoordinator)
[2021-02-04 13:12:36,069] INFO [GroupCoordinator 0]: Group consumerGroup10 with generation 2 is now empty (__consumer_offsets-16) (kafka.coordinator.group.GroupCoordinator)
[2021-02-04 13:13:15,330] INFO [GroupCoordinator 0]: Member[group.instance.id None, member.id consumer-console-consumer-20011-1-e32c549d-d162-41d2-b11d-9db2636b7af2] in group console-consumer-20011 has left, removing it from the group (kafka.coordinator.group.GroupCoordinator)
[2021-02-04 13:13:15,330] INFO [GroupCoordinator 0]: Preparing to rebalance group console-consumer-20011 in state PreparingRebalance with old generation 1 (__consumer_offsets-15) (reason: removing member consumer-console-consumer-20011-1-e32c549d-d162-41d2-b11d-9db2636b7af2 on LeaveGroup) (kafka.coordinator.group.GroupCoordinator)
[2021-02-04 13:13:15,331] INFO [GroupCoordinator 0]: Group console-consumer-20011 with generation 2 is now empty (__consumer_offsets-15) (kafka.coordinator.group.GroupCoordinator)
[2021-02-04 13:13:19,247] INFO Terminating process due to signal SIGINT (org.apache.kafka.common.utils.LoggingSignalHandler)
[2021-02-04 13:13:19,255] INFO [KafkaServer id=0] shutting down (kafka.server.KafkaServer)
[2021-02-04 13:13:19,257] INFO [KafkaServer id=0] Starting controlled shutdown (kafka.server.KafkaServer)
[2021-02-04 13:13:19,313] INFO [KafkaServer id=0] Controlled shutdown succeeded (kafka.server.KafkaServer)
[2021-02-04 13:13:19,322] INFO [/config/changes-event-process-thread]: Shutting down (kafka.common.ZkNodeChangeNotificationListener$ChangeEventProcessThread)
[2021-02-04 13:13:19,323] INFO [/config/changes-event-process-thread]: Shutdown completed (kafka.common.ZkNodeChangeNotificationListener$ChangeEventProcessThread)
[2021-02-04 13:13:19,323] INFO [/config/changes-event-process-thread]: Stopped (kafka.common.ZkNodeChangeNotificationListener$ChangeEventProcessThread)
[2021-02-04 13:13:19,324] INFO [SocketServer brokerId=0] Stopping socket server request processors (kafka.network.SocketServer)
[2021-02-04 13:13:19,329] INFO [SocketServer brokerId=0] Stopped socket server request processors (kafka.network.SocketServer)
[2021-02-04 13:13:19,330] INFO [data-plane Kafka Request Handler on Broker 0], shutting down (kafka.server.KafkaRequestHandlerPool)
[2021-02-04 13:13:19,332] INFO [data-plane Kafka Request Handler on Broker 0], shut down completely (kafka.server.KafkaRequestHandlerPool)
[2021-02-04 13:13:19,335] INFO [ExpirationReaper-0-AlterAcls]: Shutting down (kafka.server.DelayedOperationPurgatory$ExpiredOperationReaper)
[2021-02-04 13:13:19,487] INFO [ExpirationReaper-0-AlterAcls]: Stopped (kafka.server.DelayedOperationPurgatory$ExpiredOperationReaper)
[2021-02-04 13:13:19,487] INFO [ExpirationReaper-0-AlterAcls]: Shutdown completed (kafka.server.DelayedOperationPurgatory$ExpiredOperationReaper)
[2021-02-04 13:13:19,489] INFO [KafkaApi-0] Shutdown complete. (kafka.server.KafkaApis)
[2021-02-04 13:13:19,489] INFO [ExpirationReaper-0-topic]: Shutting down (kafka.server.DelayedOperationPurgatory$ExpiredOperationReaper)
[2021-02-04 13:13:19,688] INFO [ExpirationReaper-0-topic]: Stopped (kafka.server.DelayedOperationPurgatory$ExpiredOperationReaper)
[2021-02-04 13:13:19,688] INFO [ExpirationReaper-0-topic]: Shutdown completed (kafka.server.DelayedOperationPurgatory$ExpiredOperationReaper)
[2021-02-04 13:13:19,691] INFO [TransactionCoordinator id=0] Shutting down. (kafka.coordinator.transaction.TransactionCoordinator)
[2021-02-04 13:13:19,692] INFO [ProducerId Manager 0]: Shutdown complete: last producerId assigned 0 (kafka.coordinator.transaction.ProducerIdManager)
[2021-02-04 13:13:19,693] INFO [Transaction State Manager 0]: Shutdown complete (kafka.coordinator.transaction.TransactionStateManager)
[2021-02-04 13:13:19,693] INFO [Transaction Marker Channel Manager 0]: Shutting down (kafka.coordinator.transaction.TransactionMarkerChannelManager)
[2021-02-04 13:13:19,693] INFO [Transaction Marker Channel Manager 0]: Shutdown completed (kafka.coordinator.transaction.TransactionMarkerChannelManager)
[2021-02-04 13:13:19,693] INFO [Transaction Marker Channel Manager 0]: Stopped (kafka.coordinator.transaction.TransactionMarkerChannelManager)
[2021-02-04 13:13:19,694] INFO [TransactionCoordinator id=0] Shutdown complete. (kafka.coordinator.transaction.TransactionCoordinator)
[2021-02-04 13:13:19,694] INFO [GroupCoordinator 0]: Shutting down. (kafka.coordinator.group.GroupCoordinator)
[2021-02-04 13:13:19,695] INFO [ExpirationReaper-0-Heartbeat]: Shutting down (kafka.server.DelayedOperationPurgatory$ExpiredOperationReaper)
[2021-02-04 13:13:19,888] INFO [ExpirationReaper-0-Heartbeat]: Stopped (kafka.server.DelayedOperationPurgatory$ExpiredOperationReaper)
[2021-02-04 13:13:19,888] INFO [ExpirationReaper-0-Heartbeat]: Shutdown completed (kafka.server.DelayedOperationPurgatory$ExpiredOperationReaper)
[2021-02-04 13:13:19,889] INFO [ExpirationReaper-0-Rebalance]: Shutting down (kafka.server.DelayedOperationPurgatory$ExpiredOperationReaper)
[2021-02-04 13:13:19,997] INFO [ExpirationReaper-0-Rebalance]: Stopped (kafka.server.DelayedOperationPurgatory$ExpiredOperationReaper)
[2021-02-04 13:13:19,997] INFO [ExpirationReaper-0-Rebalance]: Shutdown completed (kafka.server.DelayedOperationPurgatory$ExpiredOperationReaper)
[2021-02-04 13:13:19,997] INFO [GroupCoordinator 0]: Shutdown complete. (kafka.coordinator.group.GroupCoordinator)
[2021-02-04 13:13:19,998] INFO [ReplicaManager broker=0] Shutting down (kafka.server.ReplicaManager)
[2021-02-04 13:13:19,998] INFO [LogDirFailureHandler]: Shutting down (kafka.server.ReplicaManager$LogDirFailureHandler)
[2021-02-04 13:13:19,999] INFO [LogDirFailureHandler]: Shutdown completed (kafka.server.ReplicaManager$LogDirFailureHandler)
[2021-02-04 13:13:19,999] INFO [LogDirFailureHandler]: Stopped (kafka.server.ReplicaManager$LogDirFailureHandler)
[2021-02-04 13:13:19,999] INFO [ReplicaFetcherManager on broker 0] shutting down (kafka.server.ReplicaFetcherManager)
[2021-02-04 13:13:20,002] INFO [ReplicaFetcherManager on broker 0] shutdown completed (kafka.server.ReplicaFetcherManager)
[2021-02-04 13:13:20,002] INFO [ReplicaAlterLogDirsManager on broker 0] shutting down (kafka.server.ReplicaAlterLogDirsManager)
[2021-02-04 13:13:20,003] INFO [ReplicaAlterLogDirsManager on broker 0] shutdown completed (kafka.server.ReplicaAlterLogDirsManager)
[2021-02-04 13:13:20,003] INFO [ExpirationReaper-0-Fetch]: Shutting down (kafka.server.DelayedOperationPurgatory$ExpiredOperationReaper)
[2021-02-04 13:13:20,200] INFO [ExpirationReaper-0-Fetch]: Stopped (kafka.server.DelayedOperationPurgatory$ExpiredOperationReaper)
[2021-02-04 13:13:20,200] INFO [ExpirationReaper-0-Fetch]: Shutdown completed (kafka.server.DelayedOperationPurgatory$ExpiredOperationReaper)
[2021-02-04 13:13:20,201] INFO [ExpirationReaper-0-Produce]: Shutting down (kafka.server.DelayedOperationPurgatory$ExpiredOperationReaper)
[2021-02-04 13:13:20,318] INFO [ExpirationReaper-0-Produce]: Stopped (kafka.server.DelayedOperationPurgatory$ExpiredOperationReaper)
[2021-02-04 13:13:20,318] INFO [ExpirationReaper-0-Produce]: Shutdown completed (kafka.server.DelayedOperationPurgatory$ExpiredOperationReaper)
[2021-02-04 13:13:20,319] INFO [ExpirationReaper-0-DeleteRecords]: Shutting down (kafka.server.DelayedOperationPurgatory$ExpiredOperationReaper)
[2021-02-04 13:13:20,433] INFO [ExpirationReaper-0-DeleteRecords]: Stopped (kafka.server.DelayedOperationPurgatory$ExpiredOperationReaper)
[2021-02-04 13:13:20,433] INFO [ExpirationReaper-0-DeleteRecords]: Shutdown completed (kafka.server.DelayedOperationPurgatory$ExpiredOperationReaper)
[2021-02-04 13:13:20,434] INFO [ExpirationReaper-0-ElectLeader]: Shutting down (kafka.server.DelayedOperationPurgatory$ExpiredOperationReaper)
[2021-02-04 13:13:20,521] INFO [ExpirationReaper-0-ElectLeader]: Stopped (kafka.server.DelayedOperationPurgatory$ExpiredOperationReaper)
[2021-02-04 13:13:20,521] INFO [ExpirationReaper-0-ElectLeader]: Shutdown completed (kafka.server.DelayedOperationPurgatory$ExpiredOperationReaper)
[2021-02-04 13:13:20,524] INFO [ReplicaManager broker=0] Shut down completely (kafka.server.ReplicaManager)
[2021-02-04 13:13:20,525] INFO [broker-0-to-controller-send-thread]: Shutting down (kafka.server.BrokerToControllerRequestThread)
[2021-02-04 13:13:20,525] INFO [broker-0-to-controller-send-thread]: Shutdown completed (kafka.server.BrokerToControllerRequestThread)
[2021-02-04 13:13:20,525] INFO [broker-0-to-controller-send-thread]: Stopped (kafka.server.BrokerToControllerRequestThread)
[2021-02-04 13:13:20,526] INFO [broker-0-to-controller-send-thread]: Shutdown completed (kafka.server.BrokerToControllerRequestThread)
[2021-02-04 13:13:20,527] INFO Shutting down. (kafka.log.LogManager)
[2021-02-04 13:13:21,289] INFO [ProducerStateManager partition=__consumer_offsets-45] Writing producer snapshot at offset 3 (kafka.log.ProducerStateManager)
[2021-02-04 13:13:21,319] INFO [ProducerStateManager partition=__consumer_offsets-16] Writing producer snapshot at offset 2008 (kafka.log.ProducerStateManager)
[2021-02-04 13:13:21,474] INFO [ProducerStateManager partition=quickstart-events-0] Writing producer snapshot at offset 2006 (kafka.log.ProducerStateManager)
[2021-02-04 13:13:21,741] INFO [ProducerStateManager partition=__consumer_offsets-15] Writing producer snapshot at offset 2 (kafka.log.ProducerStateManager)
[2021-02-04 13:13:21,873] INFO Shutdown complete. (kafka.log.LogManager)
[2021-02-04 13:13:21,889] INFO [feature-zk-node-event-process-thread]: Shutting down (kafka.server.FinalizedFeatureChangeListener$ChangeNotificationProcessorThread)
[2021-02-04 13:13:21,889] INFO [feature-zk-node-event-process-thread]: Stopped (kafka.server.FinalizedFeatureChangeListener$ChangeNotificationProcessorThread)
[2021-02-04 13:13:21,889] INFO [feature-zk-node-event-process-thread]: Shutdown completed (kafka.server.FinalizedFeatureChangeListener$ChangeNotificationProcessorThread)
[2021-02-04 13:13:21,890] INFO [ZooKeeperClient Kafka server] Closing. (kafka.zookeeper.ZooKeeperClient)
[2021-02-04 13:13:22,030] INFO Session: 0x100005437570000 closed (org.apache.zookeeper.ZooKeeper)
[2021-02-04 13:13:22,030] INFO EventThread shut down for session: 0x100005437570000 (org.apache.zookeeper.ClientCnxn)
[2021-02-04 13:13:22,033] INFO [ZooKeeperClient Kafka server] Closed. (kafka.zookeeper.ZooKeeperClient)
[2021-02-04 13:13:22,034] INFO [ThrottledChannelReaper-Fetch]: Shutting down (kafka.server.ClientQuotaManager$ThrottledChannelReaper)
[2021-02-04 13:13:23,014] INFO [ThrottledChannelReaper-Fetch]: Stopped (kafka.server.ClientQuotaManager$ThrottledChannelReaper)
[2021-02-04 13:13:23,014] INFO [ThrottledChannelReaper-Fetch]: Shutdown completed (kafka.server.ClientQuotaManager$ThrottledChannelReaper)
[2021-02-04 13:13:23,015] INFO [ThrottledChannelReaper-Produce]: Shutting down (kafka.server.ClientQuotaManager$ThrottledChannelReaper)
[2021-02-04 13:13:24,017] INFO [ThrottledChannelReaper-Produce]: Stopped (kafka.server.ClientQuotaManager$ThrottledChannelReaper)
[2021-02-04 13:13:24,017] INFO [ThrottledChannelReaper-Produce]: Shutdown completed (kafka.server.ClientQuotaManager$ThrottledChannelReaper)
[2021-02-04 13:13:24,017] INFO [ThrottledChannelReaper-Request]: Shutting down (kafka.server.ClientQuotaManager$ThrottledChannelReaper)
[2021-02-04 13:13:25,020] INFO [ThrottledChannelReaper-Request]: Stopped (kafka.server.ClientQuotaManager$ThrottledChannelReaper)
[2021-02-04 13:13:25,020] INFO [ThrottledChannelReaper-Request]: Shutdown completed (kafka.server.ClientQuotaManager$ThrottledChannelReaper)
[2021-02-04 13:13:25,020] INFO [ThrottledChannelReaper-ControllerMutation]: Shutting down (kafka.server.ClientQuotaManager$ThrottledChannelReaper)
[2021-02-04 13:13:26,022] INFO [ThrottledChannelReaper-ControllerMutation]: Stopped (kafka.server.ClientQuotaManager$ThrottledChannelReaper)
[2021-02-04 13:13:26,022] INFO [ThrottledChannelReaper-ControllerMutation]: Shutdown completed (kafka.server.ClientQuotaManager$ThrottledChannelReaper)
[2021-02-04 13:13:26,023] INFO [SocketServer brokerId=0] Shutting down socket server (kafka.network.SocketServer)
[2021-02-04 13:13:26,040] INFO [SocketServer brokerId=0] Shutdown completed (kafka.network.SocketServer)
[2021-02-04 13:13:26,040] INFO Metrics scheduler closed (org.apache.kafka.common.metrics.Metrics)
[2021-02-04 13:13:26,040] INFO Closing reporter org.apache.kafka.common.metrics.JmxReporter (org.apache.kafka.common.metrics.Metrics)
[2021-02-04 13:13:26,040] INFO Metrics reporters closed (org.apache.kafka.common.metrics.Metrics)
[2021-02-04 13:13:26,042] INFO Broker and topic stats closed (kafka.server.BrokerTopicStats)
[2021-02-04 13:13:26,043] INFO App info kafka.server for 0 unregistered (org.apache.kafka.common.utils.AppInfoParser)
[2021-02-04 13:13:26,043] INFO [KafkaServer id=0] shut down completed (kafka.server.KafkaServer)
